FAST (NORAD 24285) - ❌ Invalid lat/lon or decay_date too old.
FENGYUN 1C DEB (NORAD 30239) - ❌ Invalid lat/lon or decay_date too old.
FREGAT DEB (NORAD 45847) - ❌ Invalid lat/lon or decay_date too old.
FREGAT DEB (NORAD 47337) - ❌ Invalid lat/lon or decay_date too old.
FREGAT DEB (NORAD 45891) - ❌ Invalid lat/lon or decay_date too old.
SL-12 DEB (NORAD 21752) - ❌ Invalid lat/lon or decay_date too old.
DELTA 1 R/B (NORAD 3670) - ❌ Invalid lat/lon or decay_date too old.
DELTA 1 DEB (NORAD 21434) - ❌ Invalid lat/lon or decay_date too old.
COSMOS 839 DEB (NORAD 10442) - ❌ Invalid lat/lon or decay_date too old.
SL-14 DEB (NORAD 20129) - ❌ Invalid lat/lon or decay_date too old.
EXPLORER 29 (GEOS 1) (NORAD 1726) - ❌ Invalid lat/lon or decay_date too old.
THORAD DELTA 1 DEB (NORAD 8307) - ❌ Invalid lat/lon or decay_date too old.
FREGAT DEB (NORAD 45816) - ❌ Invalid lat/lon or decay_date too old.
COSMOS 839 DEB (NORAD 10413) - ❌ Invalid lat/lon or decay_date too old.
COSMOS 886 (NORAD 9634) - ❌ Invalid lat/lon or decay_date too old.
FREGAT DEB (NORAD 45638) - ❌ Invalid lat/lon or decay_date too old.
DELTA 1 DEB (NORAD 13539) - ❌ Invalid lat/lon or decay_date too old.
GLOBALSTAR M048 (NORAD 25872) - ❌ Invalid lat/lon or decay_date too old.
SCOUT B R/B (NORAD 1502) - ❌ Invalid lat/lon or decay_date too old.
DELTA 1 DEB (NORAD 10762) - ❌ Invalid lat/lon or decay_date too old.
THORAD DELTA 1 DEB (NORAD 42616) - ❌ Invalid lat/lon or decay_date too old.
SECOR 5 (EGRS 5) (NORAD 1506) - ❌ Invalid lat/lon or decay_date too old.
SCOUT X-1 R/B (NORAD 82) - ❌ Invalid lat/lon or decay_date too old.
ARIANE 3 DEB (NORAD 27740) - ❌ Invalid lat/lon or decay_date too old.
DELTA 1 DEB (NORAD 40762) - ❌ Invalid lat/lon or decay_date too old.
COSMOS 2553 (NORAD 51511) - ❌ Invalid lat/lon or decay_date too old.
INTERCOSMOS 25 (NORAD 21819) - ❌ Invalid lat/lon or decay_date too old.
COSMOS 886 DEB (NORAD 9955) - ❌ Invalid lat/lon or decay_date too old.
THOR DELTA 1 R/B (NORAD 12889) - ❌ Invalid lat/lon or decay_date too old.
DELTA 1 DEB (NORAD 10649) - ❌ Invalid lat/lon or decay_date too old.
EXPRESS MD2 (NORAD 38745) - ❌ Invalid lat/lon or decay_date too old.
ALOUETTE 2 (NORAD 1804) - ❌ Invalid lat/lon or decay_date too old.
FREGAT DEB (NORAD 45815) - ❌ Invalid lat/lon or decay_date too old.
COSMOS 839 DEB (NORAD 10443) - ❌ Invalid lat/lon or decay_date too old.
SL-19 DEB (NORAD 23564) - ❌ Invalid lat/lon or decay_date too old.
DELTA 1 DEB (NORAD 9979) - ❌ Invalid lat/lon or decay_date too old.
DELTA 1 DEB (NORAD 21682) - ❌ Invalid lat/lon or decay_date too old.
DELTA 2 R/B(1) (NORAD 25619) - ❌ Invalid lat/lon or decay_date too old.
COSMOS 839 (NORAD 9011) - ❌ Invalid lat/lon or decay_date too old.
DELTA 2 DEB (NORAD 26791) - ❌ Invalid lat/lon or decay_date too old.
COSMOS 886 DEB (NORAD 13507) - ❌ Invalid lat/lon or decay_date too old.
DELTA 1 DEB (NORAD 10714) - ❌ Invalid lat/lon or decay_date too old.
ISIS 1 DEB (NORAD 31999) - ❌ Invalid lat/lon or decay_date too old.
DELTA 1 R/B (NORAD 14096) - ❌ Invalid lat/lon or decay_date too old.
COSMOS 397 DEB (NORAD 5018) - ❌ Invalid lat/lon or decay_date too old.
COSMOS 839 DEB (NORAD 10444) - ❌ Invalid lat/lon or decay_date too old.
SL-8 DEB (NORAD 21919) - ❌ Invalid lat/lon or decay_date too old.
COSMOS 839 DEB (NORAD 10440) - ❌ Invalid lat/lon or decay_date too old.
COSMOS 839 DEB (NORAD 13947) - ❌ Invalid lat/lon or decay_date too old.
DELTA 1 R/B(1) (NORAD 11636) - ❌ Invalid lat/lon or decay_date too old.
VANGUARD 3 (NORAD 20) - ❌ Invalid lat/lon or decay_date too old.
DIAPASON (D1-A) (NORAD 2016) - ❌ Invalid lat/lon or decay_date too old.
COSMOS 839 DEB (NORAD 10466) - ❌ Invalid lat/lon or decay_date too old.
PEGASUS R/B (NORAD 28983) - ❌ Invalid lat/lon or decay_date too old.
FREGAT DEB (NORAD 45831) - ❌ Invalid lat/lon or decay_date too old.
COSMOS 839 DEB (NORAD 36300) - ❌ Invalid lat/lon or decay_date too old.
USA 40 R/B DEB (NORAD 23159) - ❌ Invalid lat/lon or decay_date too old.
EXPLORER 40 (INJUN-5) (NORAD 3338) - ❌ Invalid lat/lon or decay_date too old.
DELTA 1 DEB (NORAD 9702) - ❌ Invalid lat/lon or decay_date too old.
FENGYUN 1C DEB (NORAD 29736) - ❌ Invalid lat/lon or decay_date too old.
COSMOS 886 DEB (NORAD 14503) - ❌ Invalid lat/lon or decay_date too old.
COSMOS 886 DEB (NORAD 9965) - ❌ Invalid lat/lon or decay_date too old.
THOR ABLESTAR DEB (NORAD 4014) - ❌ Invalid lat/lon or decay_date too old.
THORAD AGENA D DEB (NORAD 4741) - ❌ Invalid lat/lon or decay_date too old.
COSMOS 839 DEB (NORAD 10614) - ❌ Invalid lat/lon or decay_date too old.
THOR ABLESTAR DEB * (NORAD 18651) - ❌ Invalid lat/lon or decay_date too old.
DELTA 1 DEB (NORAD 26832) - ❌ Invalid lat/lon or decay_date too old.
COSMOS 839 DEB (NORAD 10464) - ❌ Invalid lat/lon or decay_date too old.
THOR AGENA B DEB (NORAD 2092) - ❌ Invalid lat/lon or decay_date too old.
COSMOS 886 DEB (NORAD 9956) - ❌ Invalid lat/lon or decay_date too old.
COSMOS 839 DEB (NORAD 10416) - ❌ Invalid lat/lon or decay_date too old.
COSMOS 839 DEB (NORAD 18272) - ❌ Invalid lat/lon or decay_date too old.
DELTA 1 DEB * (NORAD 18599) - ❌ Invalid lat/lon or decay_date too old.
FREGAT DEB (NORAD 47336) - ❌ Invalid lat/lon or decay_date too old.
THORAD DELTA 1 DEB (NORAD 42593) - ❌ Invalid lat/lon or decay_date too old.
FENGYUN 1C DEB (NORAD 37476) - ❌ Invalid lat/lon or decay_date too old.
SL-14 DEB (NORAD 19295) - ❌ Invalid lat/lon or decay_date too old.
DELTA 1 DEB (NORAD 2700) - ❌ Invalid lat/lon or decay_date too old.
FREGAT DEB (NORAD 45620) - ❌ Invalid lat/lon or decay_date too old.
SCOUT B DEB (NORAD 29170) - ❌ Invalid lat/lon or decay_date too old.
FENGYUN 1C DEB (NORAD 29748) - ❌ Invalid lat/lon or decay_date too old.
DELTA 1 DEB (NORAD 1312) - ❌ Invalid lat/lon or decay_date too old.
ARIANE 42P DEB * (NORAD 47108) - ❌ Invalid lat/lon or decay_date too old.
COSMOS 252 DEB (NORAD 3788) - ❌ Invalid lat/lon or decay_date too old.
TBA - TO BE ASSIGNED (NORAD 81640) - ❌ Invalid lat/lon or decay_date too old.
DELTA 1 DEB (NORAD 27727) - ❌ Invalid lat/lon or decay_date too old.
DELTA 1 DEB (NORAD 1313) - ❌ Invalid lat/lon or decay_date too old.
DELTA 1 DEB (NORAD 21570) - ❌ Invalid lat/lon or decay_date too old.
COSMOS 839 DEB (NORAD 10438) - ❌ Invalid lat/lon or decay_date too old.
DELTA 1 DEB (NORAD 2888) - ❌ Invalid lat/lon or decay_date too old.
SCOUT B DEB (NORAD 29172) - ❌ Invalid lat/lon or decay_date too old.
FREGAT DEB (NORAD 45640) - ❌ Invalid lat/lon or decay_date too old.
SCOUT B DEB (NORAD 28797) - ❌ Invalid lat/lon or decay_date too old.
SL-4 R/B (NORAD 59372) - ❌ Invalid lat/lon or decay_date too old.
OBJECT D (NORAD 55251) - ❌ SGP4 error 6
ZACUBE-2 (NORAD 43907) - ❌ SGP4 error 6
FLOCK 4V 3 (NORAD 46322) - ❌ Invalid lat/lon or decay_date too old.
CZ-3B R/B (NORAD 43846) - ❌ SGP4 error -4
SPACEBEE-127 (NORAD 52020) - ❌ SGP4 error 6
COSMOS 1408 DEB (NORAD 50349) - ❌ Invalid lat/lon or decay_date too old.
SPACEBEE-114 (NORAD 52010) - ❌ SGP4 error 6
KSF1-A (NORAD 48930) - ❌ Invalid lat/lon or decay_date too old.
MINOTAUR-C DEB (NORAD 42993) - ❌ Invalid lat/lon or decay_date too old.
FLOCK 4P 11 (NORAD 44809) - ❌ Invalid lat/lon or decay_date too old.
LEMUR 2 NEVA (NORAD 47450) - ❌ SGP4 error 6
OBJECT L (NORAD 49325) - ❌ Invalid lat/lon or decay_date too old.
OBJECT S (NORAD 53386) - ❌ Invalid lat/lon or decay_date too old.
SINE (SINDHUNETRA) (NORAD 47702) - ❌ SGP4 error 6
EYESAT-NANO (NORAD 44877) - ❌ Invalid lat/lon or decay_date too old.
NUSAT-13 EMMY (NORAD 46833) - ❌ SGP4 error 6
FIREBIRD 4 (NORAD 40378) - ❌ Invalid lat/lon or decay_date too old.
FLOCK 3P 44 (NORAD 42033) - ❌ Invalid lat/lon or decay_date too old.
FREGAT DEB (NORAD 46016) - ❌ Invalid lat/lon or decay_date too old.
COSMOS 839 DEB * (NORAD 20030) - ❌ Invalid lat/lon or decay_date too old.
CZ-3 DEB (NORAD 29447) - ❌ SGP4 error 6
SPACEBEE-30 (NORAD 46949) - ❌ SGP4 error 6
SL-12 DEB (NORAD 45499) - ❌ SGP4 error 6
TBA - TO BE ASSIGNED (NORAD 81721) - ❌ Invalid lat/lon or decay_date too old.
COSMOS 1408 DEB (NORAD 50418) - ❌ Invalid lat/lon or decay_date too old.
FREGAT DEB (NORAD 52959) - ❌ Invalid lat/lon or decay_date too old.
FREGAT DEB (NORAD 47246) - ❌ Invalid lat/lon or decay_date too old.
DELTA 1 DEB (NORAD 28665) - ❌ Invalid lat/lon or decay_date too old.
SL-12 DEB (NORAD 44872) - ❌ SGP4 error 6
TBA - TO BE ASSIGNED (NORAD 85900) - ❌ SGP4 error -4
FALCON 9 R/B (NORAD 40391) - ❌ SGP4 error -4
FREGAT DEB (NORAD 46100) - ❌ Invalid lat/lon or decay_date too old.
CZ-3 DEB (NORAD 29448) - ❌ SGP4 error 6
FREGAT DEB (NORAD 46616) - ❌ SGP4 error 6
SCOUT B DEB (NORAD 28803) - ❌ Invalid lat/lon or decay_date too old.
THORAD DELTA 1 DEB (NORAD 42604) - ❌ Invalid lat/lon or decay_date too old.
TBA - TO BE ASSIGNED (NORAD 87824) - ❌ SGP4 error 6
FREGAT DEB (NORAD 46324) - ❌ SGP4 error 6
FREGAT DEB (NORAD 46012) - ❌ Invalid lat/lon or decay_date too old.
FREGAT DEB (NORAD 45998) - ❌ Invalid lat/lon or decay_date too old.
TBA - TO BE ASSIGNED (NORAD 87200) - ❌ SGP4 error 6
DELTA 1 DEB (NORAD 28668) - ❌ Invalid lat/lon or decay_date too old.
SCOUT B DEB (NORAD 28802) - ❌ Invalid lat/lon or decay_date too old.
CZ-3A DEB (NORAD 36970) - ❌ SGP4 error 6
SL-12 DEB (NORAD 41808) - ❌ SGP4 error 6
SL-12 DEB (NORAD 25803) - ❌ SGP4 error 6
DELTA 1 DEB (NORAD 21462) - ❌ Invalid lat/lon or decay_date too old.
SCOUT B DEB (NORAD 29175) - ❌ Invalid lat/lon or decay_date too old.
SL-12 DEB (NORAD 33585) - ❌ SGP4 error 6
ARTEMIS P2 (THEMIS C) (NORAD 30582) - ❌ SGP4 error -4
SL-12 DEB (NORAD 34802) - ❌ Invalid lat/lon or decay_date too old.
SL-12 DEB (NORAD 27927) - ❌ SGP4 error -4
SL-12 DEB (NORAD 29432) - ❌ SGP4 error 6
SL-12 DEB (NORAD 29439) - ❌ SGP4 error 6
SL-12 DEB (NORAD 29428) - ❌ SGP4 error 6
SL-12 DEB (NORAD 27992) - ❌ SGP4 error 6
ASIASAT 2 DEB (NORAD 28062) - ❌ Invalid lat/lon or decay_date too old.
SL-12 DEB (NORAD 27926) - ❌ SGP4 error 6
PSLV DEB (NORAD 27084) - ❌ Invalid lat/lon or decay_date too old.
BIRD-RUBIN/SL-8 (NORAD 26406) - ❌ Invalid lat/lon or decay_date too old.
DELTA 1 DEB (NORAD 21454) - ❌ Invalid lat/lon or decay_date too old.
DELTA 1 DEB (NORAD 21683) - ❌ Invalid lat/lon or decay_date too old.
ARIANE 1 DEB (NORAD 18199) - ❌ SGP4 error 6
MARCOPOLO 1 R/B(PAM-D) (NORAD 20195) - ❌ SGP4 error 6
COSMOS 1991 (NORAD 19758) - ❌ Invalid lat/lon or decay_date too old.
COSMOS 1823 DEB (NORAD 19104) - ❌ Invalid lat/lon or decay_date too old.
SL-3 R/B (NORAD 832) - ❌ SGP4 error -4
COSMOS 1425 DEB (NORAD 13756) - ❌ Invalid lat/lon or decay_date too old.
COSMOS 1387 DEB (NORAD 13389) - ❌ Invalid lat/lon or decay_date too old.
SL-8 R/B (NORAD 9884) - ❌ Invalid lat/lon or decay_date too old.
COSMOS 249 DEB (NORAD 3581) - ❌ Invalid lat/lon or decay_date too old.
SL-4 R/B (NORAD 11466) - ❌ Invalid lat/lon or decay_date too old.
COSMOS 886 DEB (NORAD 9952) - ❌ Invalid lat/lon or decay_date too old.
SL-6 R/B(2) (NORAD 5713) - ❌ Invalid lat/lon or decay_date too old.
DELTA 1 DEB (NORAD 9867) - ❌ Invalid lat/lon or decay_date too old.
COSMOS 397 DEB (NORAD 5201) - ❌ Invalid lat/lon or decay_date too old.
SL-4 DEB (NORAD 7514) - ❌ Invalid lat/lon or decay_date too old.
MOLNIYA 1-11 (NORAD 3885) - ❌ Invalid lat/lon or decay_date too old.
MOLNIYA 1-20 (NORAD 5927) - ❌ Invalid lat/lon or decay_date too old.
DIAMANT DEB (NORAD 6784) - ❌ Invalid lat/lon or decay_date too old.
COSMOS 252 DEB * (NORAD 3696) - ❌ Invalid lat/lon or decay_date too old.
DELTA 1 DEB (NORAD 4108) - ❌ Invalid lat/lon or decay_date too old.
DELTA 1 DEB (NORAD 4059) - ❌ Invalid lat/lon or decay_date too old.
DELTA 1 DEB (NORAD 4060) - ❌ Invalid lat/lon or decay_date too old.
DELTA 1 DEB (NORAD 4091) - ❌ Invalid lat/lon or decay_date too old.
DELTA 1 DEB (NORAD 4088) - ❌ Invalid lat/lon or decay_date too old.